<?xml version="1.0" encoding="UTF-8"?>
<!-- Generated by org.testng.reporters.JUnitXMLReporter -->
<testsuite ignored="1" hostname="DESKTOP-3B2G8AU" failures="1" tests="1" name="Test" time="43.463" errors="0" timestamp="06 Dec 2023 18:16:40 GMT">
  <testcase classname="tests.Test_001" name="passwordInvalid" time="43.104">
    <failure type="java.lang.AssertionError" message="expected [true] but found [false]">
      <![CDATA[java.lang.AssertionError: expected [true] but found [false]
at tests.Test_001.passwordInvalid(Test_001.java:51)
... Removed 29 stack frames]]>
    </failure>
  </testcase> <!-- passwordInvalid -->
  <testcase classname="tests.Test_001" name="addEmployee" time="0.0">
    <ignored/>
  </testcase> <!-- addEmployee -->
</testsuite> <!-- Test -->
